<?xml version="1.0" encoding="UTF-8"?>
<testsuite xmlns:xsi="http://www.w3.org/2001/XMLSchema-instance" xsi:noNamespaceSchemaLocation="https://maven.apache.org/surefire/maven-surefire-plugin/xsd/surefire-test-report.xsd" name="org.foi.nwtis.rsudec.konfiguracije.bp.BP_KonfiguracijaTest" time="0.003" tests="10" errors="0" skipped="10" failures="0">
  <properties>
    <property name="sun.desktop" value="windows"/>
    <property name="awt.toolkit" value="sun.awt.windows.WToolkit"/>
    <property name="file.encoding.pkg" value="sun.io"/>
    <property name="java.specification.version" value="1.8"/>
    <property name="sun.cpu.isalist" value="amd64"/>
    <property name="sun.jnu.encoding" value="Cp1252"/>
    <property name="java.class.path" value="C:\Users\Robi\Documents\rsudec_NWTiS\rsudec\rsudec_zadaca_3\rsudec_vjezba_06_1\target\test-classes;C:\Users\Robi\Documents\rsudec_NWTiS\rsudec\rsudec_zadaca_3\rsudec_vjezba_06_1\target\classes;C:\Users\Robi\.m2\repository\com\google\code\gson\gson\2.8.1\gson-2.8.1.jar;C:\Users\Robi\.m2\repository\org\apache\derby\derbyclient\10.15.2.0\derbyclient-10.15.2.0.jar;C:\Users\Robi\.m2\repository\org\apache\derby\derbyshared\10.15.2.0\derbyshared-10.15.2.0.jar;C:\Users\Robi\.m2\repository\mysql\mysql-connector-java\8.0.19\mysql-connector-java-8.0.19.jar;C:\Users\Robi\.m2\repository\com\google\protobuf\protobuf-java\3.6.1\protobuf-java-3.6.1.jar;C:\Users\Robi\.m2\repository\org\junit\jupiter\junit-jupiter-api\5.3.1\junit-jupiter-api-5.3.1.jar;C:\Users\Robi\.m2\repository\org\apiguardian\apiguardian-api\1.0.0\apiguardian-api-1.0.0.jar;C:\Users\Robi\.m2\repository\org\opentest4j\opentest4j\1.1.1\opentest4j-1.1.1.jar;C:\Users\Robi\.m2\repository\org\junit\platform\junit-platform-commons\1.3.1\junit-platform-commons-1.3.1.jar;C:\Users\Robi\.m2\repository\org\junit\jupiter\junit-jupiter-params\5.3.1\junit-jupiter-params-5.3.1.jar;C:\Users\Robi\.m2\repository\org\junit\jupiter\junit-jupiter-engine\5.3.1\junit-jupiter-engine-5.3.1.jar;C:\Users\Robi\.m2\repository\org\junit\platform\junit-platform-engine\1.3.1\junit-platform-engine-1.3.1.jar;C:\Users\Robi\.m2\repository\org\foi\nwtis\rsudec\vjezba_03_2\1.0\vjezba_03_2-1.0.jar;"/>
    <property name="java.vm.vendor" value="Oracle Corporation"/>
    <property name="sun.arch.data.model" value="64"/>
    <property name="user.variant" value=""/>
    <property name="java.vendor.url" value="http://java.oracle.com/"/>
    <property name="user.timezone" value="Europe/Belgrade"/>
    <property name="java.vm.specification.version" value="1.8"/>
    <property name="os.name" value="Windows 10"/>
    <property name="sun.java.launcher" value="SUN_STANDARD"/>
    <property name="user.country" value="US"/>
    <property name="sun.boot.library.path" value="C:\Program Files\Java\jdk1.8.0_241\jre\bin"/>
    <property name="sun.java.command" value="C:\Users\Robi\AppData\Local\Temp\surefire7470970430119037183\surefirebooter5264925188034023744.jar C:\Users\Robi\AppData\Local\Temp\surefire7470970430119037183 2020-05-31T00-50-22_945-jvmRun1 surefire2480548256015819494tmp surefire_03762742806999064200tmp"/>
    <property name="surefire.test.class.path" value="C:\Users\Robi\Documents\rsudec_NWTiS\rsudec\rsudec_zadaca_3\rsudec_vjezba_06_1\target\test-classes;C:\Users\Robi\Documents\rsudec_NWTiS\rsudec\rsudec_zadaca_3\rsudec_vjezba_06_1\target\classes;C:\Users\Robi\.m2\repository\com\google\code\gson\gson\2.8.1\gson-2.8.1.jar;C:\Users\Robi\.m2\repository\org\apache\derby\derbyclient\10.15.2.0\derbyclient-10.15.2.0.jar;C:\Users\Robi\.m2\repository\org\apache\derby\derbyshared\10.15.2.0\derbyshared-10.15.2.0.jar;C:\Users\Robi\.m2\repository\mysql\mysql-connector-java\8.0.19\mysql-connector-java-8.0.19.jar;C:\Users\Robi\.m2\repository\com\google\protobuf\protobuf-java\3.6.1\protobuf-java-3.6.1.jar;C:\Users\Robi\.m2\repository\org\junit\jupiter\junit-jupiter-api\5.3.1\junit-jupiter-api-5.3.1.jar;C:\Users\Robi\.m2\repository\org\apiguardian\apiguardian-api\1.0.0\apiguardian-api-1.0.0.jar;C:\Users\Robi\.m2\repository\org\opentest4j\opentest4j\1.1.1\opentest4j-1.1.1.jar;C:\Users\Robi\.m2\repository\org\junit\platform\junit-platform-commons\1.3.1\junit-platform-commons-1.3.1.jar;C:\Users\Robi\.m2\repository\org\junit\jupiter\junit-jupiter-params\5.3.1\junit-jupiter-params-5.3.1.jar;C:\Users\Robi\.m2\repository\org\junit\jupiter\junit-jupiter-engine\5.3.1\junit-jupiter-engine-5.3.1.jar;C:\Users\Robi\.m2\repository\org\junit\platform\junit-platform-engine\1.3.1\junit-platform-engine-1.3.1.jar;C:\Users\Robi\.m2\repository\org\foi\nwtis\rsudec\vjezba_03_2\1.0\vjezba_03_2-1.0.jar;"/>
    <property name="sun.cpu.endian" value="little"/>
    <property name="user.home" value="C:\Users\Robi"/>
    <property name="user.language" value="en"/>
    <property name="java.specification.vendor" value="Oracle Corporation"/>
    <property name="java.home" value="C:\Program Files\Java\jdk1.8.0_241\jre"/>
    <property name="basedir" value="C:\Users\Robi\Documents\rsudec_NWTiS\rsudec\rsudec_zadaca_3\rsudec_vjezba_06_1"/>
    <property name="file.separator" value="\"/>
    <property name="line.separator" value="&#10;"/>
    <property name="java.vm.specification.vendor" value="Oracle Corporation"/>
    <property name="java.specification.name" value="Java Platform API Specification"/>
    <property name="java.awt.graphicsenv" value="sun.awt.Win32GraphicsEnvironment"/>
    <property name="surefire.real.class.path" value="C:\Users\Robi\AppData\Local\Temp\surefire7470970430119037183\surefirebooter5264925188034023744.jar"/>
    <property name="sun.boot.class.path" value="C:\Program Files\Java\jdk1.8.0_241\jre\lib\resources.jar;C:\Program Files\Java\jdk1.8.0_241\jre\lib\rt.jar;C:\Program Files\Java\jdk1.8.0_241\jre\lib\sunrsasign.jar;C:\Program Files\Java\jdk1.8.0_241\jre\lib\jsse.jar;C:\Program Files\Java\jdk1.8.0_241\jre\lib\jce.jar;C:\Program Files\Java\jdk1.8.0_241\jre\lib\charsets.jar;C:\Program Files\Java\jdk1.8.0_241\jre\lib\jfr.jar;C:\Program Files\Java\jdk1.8.0_241\jre\classes"/>
    <property name="user.script" value=""/>
    <property name="sun.management.compiler" value="HotSpot 64-Bit Tiered Compilers"/>
    <property name="java.runtime.version" value="1.8.0_241-b07"/>
    <property name="user.name" value="Robi"/>
    <property name="path.separator" value=";"/>
    <property name="os.version" value="10.0"/>
    <property name="java.endorsed.dirs" value="C:\Program Files\Java\jdk1.8.0_241\jre\lib\endorsed"/>
    <property name="java.runtime.name" value="Java(TM) SE Runtime Environment"/>
    <property name="file.encoding" value="UTF-8"/>
    <property name="java.vm.name" value="Java HotSpot(TM) 64-Bit Server VM"/>
    <property name="maven.ext.class.path" value="C:\netbeans\java\maven-nblib\netbeans-eventspy.jar"/>
    <property name="localRepository" value="C:\Users\Robi\.m2\repository"/>
    <property name="java.vendor.url.bug" value="http://bugreport.sun.com/bugreport/"/>
    <property name="java.io.tmpdir" value="C:\Users\Robi\AppData\Local\Temp\"/>
    <property name="java.version" value="1.8.0_241"/>
    <property name="user.dir" value="C:\Users\Robi\Documents\rsudec_NWTiS\rsudec\rsudec_zadaca_3\rsudec_vjezba_06_1"/>
    <property name="os.arch" value="amd64"/>
    <property name="java.vm.specification.name" value="Java Virtual Machine Specification"/>
    <property name="java.awt.printerjob" value="sun.awt.windows.WPrinterJob"/>
    <property name="sun.os.patch.level" value=""/>
    <property name="java.library.path" value="C:\Program Files\Java\jdk1.8.0_241\jre\bin;C:\Windows\Sun\Java\bin;C:\Windows\system32;C:\Windows;C:\Python27\;C:\Python27\Scripts;C:\Program Files\Java\jdk-13.0.2\bin;C:\Program Files (x86)\Common Files\Oracle\Java\javapath;C:\Program Files\CollabNet\Subversion Client;C:\Windows\system32;C:\Windows;C:\Windows\System32\Wbem;C:\Windows\System32\WindowsPowerShell\v1.0\;C:\Windows\System32\OpenSSH\;C:\Program Files (x86)\NVIDIA Corporation\PhysX\Common;C:\Program Files\NVIDIA Corporation\NVIDIA NvDLISR;C:\Users\Robi\AppData\Local\Programs\Python\Python38\Scripts\;C:\Users\Robi\AppData\Local\Programs\Python\Python38\;C:\Users\Robi\AppData\Local\Microsoft\WindowsApps;C:\Program Files\Java\jdk-13.0.2\bin;C:\Users\Robi\AppData\Local\Programs\Microsoft VS Code\bin;;."/>
    <property name="java.vm.info" value="mixed mode"/>
    <property name="java.vendor" value="Oracle Corporation"/>
    <property name="java.vm.version" value="25.241-b07"/>
    <property name="java.ext.dirs" value="C:\Program Files\Java\jdk1.8.0_241\jre\lib\ext;C:\Windows\Sun\Java\lib\ext"/>
    <property name="sun.io.unicode.encoding" value="UnicodeLittle"/>
    <property name="java.class.version" value="52.0"/>
  </properties>
  <testcase name="testGetUserDatabase" classname="org.foi.nwtis.rsudec.konfiguracije.bp.BP_KonfiguracijaTest" time="0">
    <skipped message="public void org.foi.nwtis.rsudec.konfiguracije.bp.BP_KonfiguracijaTest.testGetUserDatabase() is @Disabled"/>
  </testcase>
  <testcase name="testGetAdminDatabase" classname="org.foi.nwtis.rsudec.konfiguracije.bp.BP_KonfiguracijaTest" time="0">
    <skipped message="public void org.foi.nwtis.rsudec.konfiguracije.bp.BP_KonfiguracijaTest.testGetAdminDatabase() is @Disabled"/>
  </testcase>
  <testcase name="testGetDriverDatabase_0args" classname="org.foi.nwtis.rsudec.konfiguracije.bp.BP_KonfiguracijaTest" time="0">
    <skipped message="public void org.foi.nwtis.rsudec.konfiguracije.bp.BP_KonfiguracijaTest.testGetDriverDatabase_0args() is @Disabled"/>
  </testcase>
  <testcase name="testGetServerDatabase" classname="org.foi.nwtis.rsudec.konfiguracije.bp.BP_KonfiguracijaTest" time="0">
    <skipped message="public void org.foi.nwtis.rsudec.konfiguracije.bp.BP_KonfiguracijaTest.testGetServerDatabase() is @Disabled"/>
  </testcase>
  <testcase name="testGetUserUsername" classname="org.foi.nwtis.rsudec.konfiguracije.bp.BP_KonfiguracijaTest" time="0">
    <skipped message="public void org.foi.nwtis.rsudec.konfiguracije.bp.BP_KonfiguracijaTest.testGetUserUsername() is @Disabled"/>
  </testcase>
  <testcase name="testGetDriverDatabase_String" classname="org.foi.nwtis.rsudec.konfiguracije.bp.BP_KonfiguracijaTest" time="0">
    <skipped message="public void org.foi.nwtis.rsudec.konfiguracije.bp.BP_KonfiguracijaTest.testGetDriverDatabase_String() is @Disabled"/>
  </testcase>
  <testcase name="testGetDriversDatabase" classname="org.foi.nwtis.rsudec.konfiguracije.bp.BP_KonfiguracijaTest" time="0">
    <skipped message="public void org.foi.nwtis.rsudec.konfiguracije.bp.BP_KonfiguracijaTest.testGetDriversDatabase() is @Disabled"/>
  </testcase>
  <testcase name="testGetAdminUsername" classname="org.foi.nwtis.rsudec.konfiguracije.bp.BP_KonfiguracijaTest" time="0">
    <skipped message="public void org.foi.nwtis.rsudec.konfiguracije.bp.BP_KonfiguracijaTest.testGetAdminUsername() is @Disabled"/>
  </testcase>
  <testcase name="testGetUserPassword" classname="org.foi.nwtis.rsudec.konfiguracije.bp.BP_KonfiguracijaTest" time="0">
    <skipped message="public void org.foi.nwtis.rsudec.konfiguracije.bp.BP_KonfiguracijaTest.testGetUserPassword() is @Disabled"/>
  </testcase>
  <testcase name="testGetAdminPassword" classname="org.foi.nwtis.rsudec.konfiguracije.bp.BP_KonfiguracijaTest" time="0">
    <skipped message="public void org.foi.nwtis.rsudec.konfiguracije.bp.BP_KonfiguracijaTest.testGetAdminPassword() is @Disabled"/>
  </testcase>
</testsuite>